e:\tabula rasa world\krssrb_gameserver\build\debug\vc140.pdb
e:\tabula rasa world\krssrb_gameserver\build\debug\vc140.idb
e:\tabula rasa world\krssrb_gameserver\build\debug\minini.obj
e:\tabula rasa world\krssrb_gameserver\build\debug\main.obj
e:\tabula rasa world\krssrb_gameserver\build\debug\manifestation.obj
e:\tabula rasa world\krssrb_gameserver\build\debug\mapchannel.obj
e:\tabula rasa world\krssrb_gameserver\build\debug\md5.obj
e:\tabula rasa world\krssrb_gameserver\build\debug\missile.obj
e:\tabula rasa world\krssrb_gameserver\build\debug\mission.obj
e:\tabula rasa world\krssrb_gameserver\build\debug\navmesh.obj
e:\tabula rasa world\krssrb_gameserver\build\debug\netmgr.obj
e:\tabula rasa world\krssrb_gameserver\build\debug\npc.obj
e:\tabula rasa world\krssrb_gameserver\build\debug\playeractions.obj
e:\tabula rasa world\krssrb_gameserver\build\debug\pymarshal.obj
e:\tabula rasa world\krssrb_gameserver\build\debug\sdata.obj
e:\tabula rasa world\krssrb_gameserver\build\debug\spawnsystem.obj
e:\tabula rasa world\krssrb_gameserver\build\debug\tabulacrypt2.obj
e:\tabula rasa world\krssrb_gameserver\build\debug\teleporter.obj
e:\tabula rasa world\krssrb_gameserver\build\debug\threadsutils.obj
e:\tabula rasa world\krssrb_gameserver\build\debug\unpackobjects.obj
e:\tabula rasa world\krssrb_gameserver\build\debug\vendor.obj
e:\tabula rasa world\krssrb_gameserver\build\debug\waypoint.obj
e:\tabula rasa world\krssrb_gameserver\build\debug\wormhole.obj
e:\tabula rasa world\krssrb_gameserver\build\debug\detouralloc.obj
e:\tabula rasa world\krssrb_gameserver\build\debug\detourcommon.obj
e:\tabula rasa world\krssrb_gameserver\build\debug\detournavmesh.obj
e:\tabula rasa world\krssrb_gameserver\build\debug\detournavmeshbuilder.obj
e:\tabula rasa world\krssrb_gameserver\build\debug\detournavmeshquery.obj
e:\tabula rasa world\krssrb_gameserver\build\debug\detournode.obj
e:\tabula rasa world\krssrb_gameserver\build\debug\dynamicobject.obj
e:\tabula rasa world\krssrb_gameserver\build\debug\entitymgr.obj
e:\tabula rasa world\krssrb_gameserver\build\debug\filemgr.obj
e:\tabula rasa world\krssrb_gameserver\build\debug\gamedata.obj
e:\tabula rasa world\krssrb_gameserver\build\debug\gameeffects.obj
e:\tabula rasa world\krssrb_gameserver\build\debug\gamemain.obj
e:\tabula rasa world\krssrb_gameserver\build\debug\gm.obj
e:\tabula rasa world\krssrb_gameserver\build\debug\hashtable.obj
e:\tabula rasa world\krssrb_gameserver\build\debug\hashtablesynced.obj
e:\tabula rasa world\krssrb_gameserver\build\debug\humandropship.obj
e:\tabula rasa world\krssrb_gameserver\build\debug\iniparser.obj
e:\tabula rasa world\krssrb_gameserver\build\debug\inventory.obj
e:\tabula rasa world\krssrb_gameserver\build\debug\logosobject.obj
e:\tabula rasa world\krssrb_gameserver\build\debug\lootdispenser.obj
e:\tabula rasa world\krssrb_gameserver\build\debug\actoraction.obj
e:\tabula rasa world\krssrb_gameserver\build\debug\authserverutil.obj
e:\tabula rasa world\krssrb_gameserver\build\debug\banedropship.obj
e:\tabula rasa world\krssrb_gameserver\build\debug\behaviorcontroller.obj
e:\tabula rasa world\krssrb_gameserver\build\debug\behaviorcontrollerinit.obj
e:\tabula rasa world\krssrb_gameserver\build\debug\bignum.obj
e:\tabula rasa world\krssrb_gameserver\build\debug\cellmgr.obj
e:\tabula rasa world\krssrb_gameserver\build\debug\charactermgr.obj
e:\tabula rasa world\krssrb_gameserver\build\debug\communicator.obj
e:\tabula rasa world\krssrb_gameserver\build\debug\controlpoint.obj
e:\tabula rasa world\krssrb_gameserver\build\debug\creature.obj
e:\tabula rasa world\krssrb_gameserver\build\debug\datainterface.obj
e:\tabula rasa world\krssrb_gameserver\build\debug\datainterface_character.obj
e:\tabula rasa world\krssrb_gameserver\build\debug\datainterface_creature.obj
e:\tabula rasa world\krssrb_gameserver\build\debug\datainterface_items.obj
e:\tabula rasa world\krssrb_gameserver\build\debug\datainterface_mission.obj
e:\tabula rasa world\krssrb_gameserver\build\debug\datainterface_npc.obj
e:\tabula rasa world\krssrb_gameserver\build\debug\datainterface_spawnsystem.obj
e:\tabula rasa world\krssrb_gameserver\build\debug\datainterface_teleporter.obj
e:\tabula rasa world\krssrb_gameserver\build\debug\defaultobject.obj
e:\tabula rasa world\krssrb_gameserver\build\debug\tabulagameserver.res
e:\tabula rasa world\krssrb_gameserver\build\debug\tabulagameserver.tlog\cl.command.1.tlog
e:\tabula rasa world\krssrb_gameserver\build\debug\tabulagameserver.tlog\cl.read.1.tlog
e:\tabula rasa world\krssrb_gameserver\build\debug\tabulagameserver.tlog\cl.write.1.tlog
e:\tabula rasa world\krssrb_gameserver\build\debug\tabulagameserver.tlog\link.command.1.tlog
e:\tabula rasa world\krssrb_gameserver\build\debug\tabulagameserver.tlog\link.read.1.tlog
e:\tabula rasa world\krssrb_gameserver\build\debug\tabulagameserver.tlog\link.write.1.tlog
e:\tabula rasa world\krssrb_gameserver\build\debug\tabulagameserver.tlog\rc.command.1.tlog
e:\tabula rasa world\krssrb_gameserver\build\debug\tabulagameserver.tlog\rc.read.1.tlog
e:\tabula rasa world\krssrb_gameserver\build\debug\tabulagameserver.tlog\rc.write.1.tlog
